<?xml version="1.0" encoding="UTF-8"?>
<testsuite xmlns:xsi="http://www.w3.org/2001/XMLSchema-instance" xsi:noNamespaceSchemaLocation="https://maven.apache.org/surefire/maven-surefire-plugin/xsd/surefire-test-report-3.0.xsd" version="3.0" name="RPGGameTest" time="0.015" tests="3" errors="0" skipped="0" failures="0">
  <properties>
    <property name="java.specification.version" value="24"/>
    <property name="sun.cpu.isalist" value="amd64"/>
    <property name="sun.jnu.encoding" value="Cp1252"/>
    <property name="java.class.path" value="C:\Users\benaz\Documents\Lezioni_Università\Secondo Semestre\OOP\Java_Exam_Project\Java\Java_Exam_Project\target\test-classes;C:\Users\benaz\Documents\Lezioni_Università\Secondo Semestre\OOP\Java_Exam_Project\Java\Java_Exam_Project\target\classes;C:\Users\benaz\.m2\repository\junit\junit\4.13.2\junit-4.13.2.jar;C:\Users\benaz\.m2\repository\org\hamcrest\hamcrest-core\1.3\hamcrest-core-1.3.jar;C:\Users\benaz\.m2\repository\org\mockito\mockito-core\4.11.0\mockito-core-4.11.0.jar;C:\Users\benaz\.m2\repository\net\bytebuddy\byte-buddy\1.12.19\byte-buddy-1.12.19.jar;C:\Users\benaz\.m2\repository\net\bytebuddy\byte-buddy-agent\1.12.19\byte-buddy-agent-1.12.19.jar;C:\Users\benaz\.m2\repository\org\objenesis\objenesis\3.3\objenesis-3.3.jar;"/>
    <property name="java.vm.vendor" value="Oracle Corporation"/>
    <property name="sun.arch.data.model" value="64"/>
    <property name="user.variant" value=""/>
    <property name="java.vendor.url" value="https://java.oracle.com/"/>
    <property name="user.timezone" value="Europe/Rome"/>
    <property name="user.country.format" value="IT"/>
    <property name="os.name" value="Windows 11"/>
    <property name="java.vm.specification.version" value="24"/>
    <property name="sun.java.launcher" value="SUN_STANDARD"/>
    <property name="user.country" value="US"/>
    <property name="sun.boot.library.path" value="C:\Program Files\Java\jdk-24\bin"/>
    <property name="sun.java.command" value="C:\Users\benaz\AppData\Local\Temp\surefire9171397934602497708\surefirebooter-20250626224925442_3.jar C:\Users\benaz\AppData\Local\Temp\surefire9171397934602497708 2025-06-26T22-49-25_353-jvmRun1 surefire-20250626224925442_1tmp surefire_0-20250626224925442_2tmp"/>
    <property name="jdk.debug" value="release"/>
    <property name="surefire.test.class.path" value="C:\Users\benaz\Documents\Lezioni_Università\Secondo Semestre\OOP\Java_Exam_Project\Java\Java_Exam_Project\target\test-classes;C:\Users\benaz\Documents\Lezioni_Università\Secondo Semestre\OOP\Java_Exam_Project\Java\Java_Exam_Project\target\classes;C:\Users\benaz\.m2\repository\junit\junit\4.13.2\junit-4.13.2.jar;C:\Users\benaz\.m2\repository\org\hamcrest\hamcrest-core\1.3\hamcrest-core-1.3.jar;C:\Users\benaz\.m2\repository\org\mockito\mockito-core\4.11.0\mockito-core-4.11.0.jar;C:\Users\benaz\.m2\repository\net\bytebuddy\byte-buddy\1.12.19\byte-buddy-1.12.19.jar;C:\Users\benaz\.m2\repository\net\bytebuddy\byte-buddy-agent\1.12.19\byte-buddy-agent-1.12.19.jar;C:\Users\benaz\.m2\repository\org\objenesis\objenesis\3.3\objenesis-3.3.jar;"/>
    <property name="sun.cpu.endian" value="little"/>
    <property name="user.home" value="C:\Users\benaz"/>
    <property name="user.language" value="en"/>
    <property name="java.specification.vendor" value="Oracle Corporation"/>
    <property name="java.version.date" value="2025-04-15"/>
    <property name="java.home" value="C:\Program Files\Java\jdk-24"/>
    <property name="file.separator" value="\"/>
    <property name="basedir" value="C:\Users\benaz\Documents\Lezioni_Università\Secondo Semestre\OOP\Java_Exam_Project\Java\Java_Exam_Project"/>
    <property name="java.vm.compressedOopsMode" value="Zero based"/>
    <property name="line.separator" value="&#10;"/>
    <property name="java.vm.specification.vendor" value="Oracle Corporation"/>
    <property name="java.specification.name" value="Java Platform API Specification"/>
    <property name="surefire.real.class.path" value="C:\Users\benaz\AppData\Local\Temp\surefire9171397934602497708\surefirebooter-20250626224925442_3.jar"/>
    <property name="user.script" value=""/>
    <property name="sun.management.compiler" value="HotSpot 64-Bit Tiered Compilers"/>
    <property name="java.runtime.version" value="24.0.1+9-30"/>
    <property name="user.name" value="benaz"/>
    <property name="stdout.encoding" value="Cp1252"/>
    <property name="path.separator" value=";"/>
    <property name="os.version" value="10.0"/>
    <property name="java.runtime.name" value="Java(TM) SE Runtime Environment"/>
    <property name="file.encoding" value="UTF-8"/>
    <property name="java.vm.name" value="Java HotSpot(TM) 64-Bit Server VM"/>
    <property name="localRepository" value="C:\Users\benaz\.m2\repository"/>
    <property name="java.vendor.url.bug" value="https://bugreport.java.com/bugreport/"/>
    <property name="java.io.tmpdir" value="C:\Users\benaz\AppData\Local\Temp\"/>
    <property name="java.version" value="24.0.1"/>
    <property name="user.dir" value="C:\Users\benaz\Documents\Lezioni_Università\Secondo Semestre\OOP\Java_Exam_Project\Java\Java_Exam_Project"/>
    <property name="os.arch" value="amd64"/>
    <property name="java.vm.specification.name" value="Java Virtual Machine Specification"/>
    <property name="user.language.format" value="it"/>
    <property name="sun.os.patch.level" value=""/>
    <property name="native.encoding" value="Cp1252"/>
    <property name="java.library.path" value="C:\Program Files\Java\jdk-24\bin;C:\WINDOWS\Sun\Java\bin;C:\WINDOWS\system32;C:\WINDOWS;C:\Program Files\Common Files\Oracle\Java\javapath;C:\Users\benaz\AppData\Local\Programs\Python\Python313\Scripts\;C:\Users\benaz\AppData\Local\Programs\Python\Python313\;C:\Python312\Scripts\;C:\Python312\;C:\Windows\system32;C:\Windows;C:\Windows\System32\Wbem;C:\Windows\System32\WindowsPowerShell\v1.0\;C:\Windows\System32\OpenSSH\;C:\Program Files (x86)\NVIDIA Corporation\PhysX\Common;C:\WINDOWS\system32;C:\WINDOWS;C:\WINDOWS\System32\Wbem;C:\WINDOWS\System32\WindowsPowerShell\v1.0\;C:\WINDOWS\System32\OpenSSH\;C:\Program Files\dotnet\;C:\ProgramData\chocolatey\bin;C:\Program Files\NVIDIA Corporation\NVIDIA app\NvDLISR;C:\Program Files\Git\cmd;C:\Program Files\nodejs\;C:\Program Files\Apache\Maven\bin;C:\Users\benaz\AppData\Local\Microsoft\WindowsApps;C:\Users\benaz\AppData\Local\Programs\Microsoft VS Code\bin;C:\Users\benaz\.dotnet\tools;C:\Users\benaz\AppData\Local\GitHubDesktop\bin;C:\Users\benaz\AppData\Roaming\Python\Python312\site-packages;C:\Users\benaz\AppData\Roaming\npm;C:\Program Files\JetBrains\IntelliJ IDEA Community Edition 2025.1.1.1\bin;;."/>
    <property name="java.vm.info" value="mixed mode, sharing"/>
    <property name="stderr.encoding" value="Cp1252"/>
    <property name="java.vendor" value="Oracle Corporation"/>
    <property name="java.vm.version" value="24.0.1+9-30"/>
    <property name="sun.io.unicode.encoding" value="UnicodeLittle"/>
    <property name="java.class.version" value="68.0"/>
  </properties>
  <testcase name="testDungeonBuilder" classname="RPGGameTest" time="0.002">
    <system-err><![CDATA[giu 26, 2025 10:49:26 PM RPGGameTest setUp
INFO: Setting up test environment
giu 26, 2025 10:49:26 PM RPGGameTest setUp
INFO: Test setup completed successfully
giu 26, 2025 10:49:26 PM RPGGameTest testDungeonBuilder
INFO: Testing dungeon builder
giu 26, 2025 10:49:26 PM builder.ConcreteDungeonBuilder reset
FINE: DungeonBuilder reset
giu 26, 2025 10:49:26 PM builder.ConcreteDungeonBuilder setName
FINE: Dungeon name set: Goblin Cave
giu 26, 2025 10:49:26 PM builder.ConcreteDungeonBuilder setDescription
FINE: Dungeon description set
giu 26, 2025 10:49:26 PM builder.ConcreteDungeonBuilder setGoldReward
FINE: Dungeon reward set: 100
giu 26, 2025 10:49:26 PM builder.ConcreteDungeonBuilder setMonsterType
FINE: Dungeon monster type set: goblin
giu 26, 2025 10:49:26 PM builder.ConcreteDungeonBuilder build
INFO: Building dungeon: Goblin Cave
giu 26, 2025 10:49:26 PM builder.Dungeon <init>
INFO: Dungeon created: Goblin Cave with monster type goblin
giu 26, 2025 10:49:26 PM RPGGameTest testDungeonBuilder
INFO: Dungeon builder test passed
]]></system-err>
  </testcase>
  <testcase name="testCreateWarrior" classname="RPGGameTest" time="0.005">
    <system-err><![CDATA[giu 26, 2025 10:49:26 PM RPGGameTest setUp
INFO: Setting up test environment
giu 26, 2025 10:49:26 PM RPGGameTest setUp
INFO: Test setup completed successfully
giu 26, 2025 10:49:26 PM RPGGameTest testCreateWarrior
INFO: Testing warrior creation
giu 26, 2025 10:49:26 PM factory.CharacterFactory createCharacter
INFO: Creating character of type: warrior with name: TestGuy
giu 26, 2025 10:49:26 PM security.InputValidator validateCharacterName
INFO: Validating character name: TestGuy
giu 26, 2025 10:49:26 PM security.InputValidator validateCharacterName
INFO: Character name validated successfully: TestGuy
giu 26, 2025 10:49:26 PM RPGGameTest testCreateWarrior
INFO: Warrior creation test passed
]]></system-err>
  </testcase>
  <testcase name="testInventoryOperations" classname="RPGGameTest" time="0.007">
    <system-out><![CDATA[Added Axe to inventory
Added Shield to inventory
Equipped Axe
]]></system-out>
    <system-err><![CDATA[giu 26, 2025 10:49:26 PM RPGGameTest setUp
INFO: Setting up test environment
giu 26, 2025 10:49:26 PM RPGGameTest setUp
INFO: Test setup completed successfully
giu 26, 2025 10:49:26 PM RPGGameTest testInventoryOperations
INFO: Testing inventory operations
giu 26, 2025 10:49:26 PM RPGGameTest testInventoryOperations
INFO: Inventory operations test passed
]]></system-err>
  </testcase>
</testsuite>